# JRE version: OpenJDK Runtime Environment Microsoft-12574423 (17.0.17+10) (build 17.0.17+10-LTS)
# Java VM: OpenJDK 64-Bit Server VM Microsoft-12574423 (17.0.17+10-LTS, mixed mode, emulated-client, sharing, tiered, compressed oops, compressed class ptrs, g1 gc, windows-amd64)
GC Precious Log:
 CPUs: 2 total, 2 available
 Memory: 3460M
 Large Page Support: Disabled
 NUMA Support: Disabled
 Compressed Oops: Enabled (32-bit)
 Heap Region Size: 1M
 Heap Min Capacity: 8M
 Heap Initial Capacity: 56M
 Heap Max Capacity: 866M
 Pre-touch: Disabled
 Parallel Workers: 2
 Concurrent Workers: 1
 Concurrent Refinement Workers: 2
 Periodic GC: Disabled
Heap:
 garbage-first heap   total 70656K, used 35375K [0x00000000c9e00000, 0x0000000100000000)
  region size 1024K, 1 young (1024K), 1 survivors (1024K)
 Metaspace       used 44596K, committed 45056K, reserved 1114112K
  class space    used 6489K, committed 6720K, reserved 1048576K
GC Heap History (20 events):
Event: 6.873 GC heap after
{Heap after GC invocations=8 (full 0):
 garbage-first heap   total 69632K, used 22539K [0x00000000c9e00000, 0x0000000100000000)
  region size 1024K, 3 young (3072K), 3 survivors (3072K)
 Metaspace       used 19790K, committed 20160K, reserved 1114112K
  class space    used 2770K, committed 2944K, reserved 1048576K
}
Event: 7.041 GC heap before
{Heap before GC invocations=8 (full 0):
 garbage-first heap   total 69632K, used 27659K [0x00000000c9e00000, 0x0000000100000000)
  region size 1024K, 10 young (10240K), 3 survivors (3072K)
 Metaspace       used 21168K, committed 21504K, reserved 1114112K
  class space    used 2928K, committed 3072K, reserved 1048576K
}
Event: 7.051 GC heap after
{Heap after GC invocations=9 (full 0):
 garbage-first heap   total 69632K, used 22775K [0x00000000c9e00000, 0x0000000100000000)
  region size 1024K, 2 young (2048K), 2 survivors (2048K)
 Metaspace       used 21168K, committed 21504K, reserved 1114112K
  class space    used 2928K, committed 3072K, reserved 1048576K
}
Event: 8.098 GC heap before
{Heap before GC invocations=10 (full 0):
 garbage-first heap   total 69632K, used 48375K [0x00000000c9e00000, 0x0000000100000000)
  region size 1024K, 31 young (31744K), 2 survivors (2048K)
 Metaspace       used 24654K, committed 25088K, reserved 1114112K
  class space    used 3406K, committed 3648K, reserved 1048576K
}
Event: 8.109 GC heap after
{Heap after GC invocations=11 (full 0):
 garbage-first heap   total 69632K, used 22528K [0x00000000c9e00000, 0x0000000100000000)
  region size 1024K, 4 young (4096K), 4 survivors (4096K)
 Metaspace       used 24654K, committed 25088K, reserved 1114112K
  class space    used 3406K, committed 3648K, reserved 1048576K
}
Event: 9.299 GC heap before
{Heap before GC invocations=11 (full 0):
 garbage-first heap   total 69632K, used 52224K [0x00000000c9e00000, 0x0000000100000000)
  region size 1024K, 33 young (33792K), 4 survivors (4096K)
 Metaspace       used 27530K, committed 28032K, reserved 1114112K
  class space    used 3864K, committed 4096K, reserved 1048576K
}
Event: 9.312 GC heap after
{Heap after GC invocations=12 (full 0):
 garbage-first heap   total 69632K, used 24160K [0x00000000c9e00000, 0x0000000100000000)
  region size 1024K, 4 young (4096K), 4 survivors (4096K)
 Metaspace       used 27530K, committed 28032K, reserved 1114112K
  class space    used 3864K, committed 4096K, reserved 1048576K
}
Event: 10.514 GC heap before
{Heap before GC invocations=12 (full 0):
 garbage-first heap   total 69632K, used 52832K [0x00000000c9e00000, 0x0000000100000000)
  region size 1024K, 32 young (32768K), 4 survivors (4096K)
 Metaspace       used 30579K, committed 31040K, reserved 1114112K
  class space    used 4440K, committed 4672K, reserved 1048576K
}
Event: 10.529 GC heap after
{Heap after GC invocations=13 (full 0):
 garbage-first heap   total 69632K, used 26160K [0x00000000c9e00000, 0x0000000100000000)
  region size 1024K, 4 young (4096K), 4 survivors (4096K)
 Metaspace       used 30579K, committed 31040K, reserved 1114112K
  class space    used 4440K, committed 4672K, reserved 1048576K
}
Event: 11.312 GC heap before
{Heap before GC invocations=13 (full 0):
 garbage-first heap   total 69632K, used 59952K [0x00000000c9e00000, 0x0000000100000000)
  region size 1024K, 32 young (32768K), 4 survivors (4096K)
 Metaspace       used 33216K, committed 33664K, reserved 1114112K
  class space    used 4791K, committed 4992K, reserved 1048576K
}
Event: 11.358 GC heap after
{Heap after GC invocations=14 (full 0):
 garbage-first heap   total 70656K, used 35141K [0x00000000c9e00000, 0x0000000100000000)
  region size 1024K, 4 young (4096K), 4 survivors (4096K)
 Metaspace       used 33216K, committed 33664K, reserved 1114112K
  class space    used 4791K, committed 4992K, reserved 1048576K
}
Event: 11.671 GC heap before
{Heap before GC invocations=14 (full 0):
 garbage-first heap   total 70656K, used 46405K [0x00000000c9e00000, 0x0000000100000000)
  region size 1024K, 16 young (16384K), 4 survivors (4096K)
 Metaspace       used 33458K, committed 33920K, reserved 1114112K
  class space    used 4813K, committed 4992K, reserved 1048576K
}
Event: 11.683 GC heap after
{Heap after GC invocations=15 (full 0):
 garbage-first heap   total 70656K, used 36307K [0x00000000c9e00000, 0x0000000100000000)
  region size 1024K, 3 young (3072K), 3 survivors (3072K)
 Metaspace       used 33458K, committed 33920K, reserved 1114112K
  class space    used 4813K, committed 4992K, reserved 1048576K
}
Event: 12.480 GC heap before
{Heap before GC invocations=16 (full 0):
 garbage-first heap   total 70656K, used 50643K [0x00000000c9e00000, 0x0000000100000000)
  region size 1024K, 18 young (18432K), 3 survivors (3072K)
 Metaspace       used 35988K, committed 36480K, reserved 1114112K
  class space    used 5177K, committed 5376K, reserved 1048576K
}
Event: 12.489 GC heap after
{Heap after GC invocations=17 (full 0):
 garbage-first heap   total 70656K, used 34493K [0x00000000c9e00000, 0x0000000100000000)
  region size 1024K, 2 young (2048K), 2 survivors (2048K)
 Metaspace       used 35988K, committed 36480K, reserved 1114112K
  class space    used 5177K, committed 5376K, reserved 1048576K
}
Event: 13.100 GC heap before
{Heap before GC invocations=17 (full 0):
 garbage-first heap   total 70656K, used 49853K [0x00000000c9e00000, 0x0000000100000000)
  region size 1024K, 18 young (18432K), 2 survivors (2048K)
 Metaspace       used 39848K, committed 40320K, reserved 1114112K
  class space    used 5807K, committed 6016K, reserved 1048576K
}
Event: 13.106 GC heap after
{Heap after GC invocations=18 (full 0):
 garbage-first heap   total 70656K, used 35114K [0x00000000c9e00000, 0x0000000100000000)
  region size 1024K, 2 young (2048K), 2 survivors (2048K)
 Metaspace       used 39848K, committed 40320K, reserved 1114112K
  class space    used 5807K, committed 6016K, reserved 1048576K
}
Event: 14.461 GC heap before
{Heap before GC invocations=19 (full 0):
 garbage-first heap   total 70656K, used 53150K [0x00000000c9e00000, 0x0000000100000000)
  region size 1024K, 20 young (20480K), 2 survivors (2048K)
 Metaspace       used 44323K, committed 44800K, reserved 1114112K
  class space    used 6442K, committed 6656K, reserved 1048576K
}
Event: 14.489 GC heap after
{Heap after GC invocations=20 (full 0):
 garbage-first heap   total 70656K, used 35811K [0x00000000c9e00000, 0x0000000100000000)
  region size 1024K, 2 young (2048K), 2 survivors (2048K)
 Metaspace       used 44323K, committed 44800K, reserved 1114112K
  class space    used 6442K, committed 6656K, reserved 1048576K
}
Event: 14.593 GC heap before
{Heap before GC invocations=20 (full 0):
 garbage-first heap   total 70656K, used 35811K [0x00000000c9e00000, 0x0000000100000000)
  region size 1024K, 3 young (3072K), 2 survivors (2048K)
 Metaspace       used 44596K, committed 45056K, reserved 1114112K
  class space    used 6489K, committed 6720K, reserved 1048576K
}

